C51 COMPILER V9.60.0.0   I2C                                                               09/28/2020 20:52:23 PAGE 1   


C51 COMPILER V9.60.0.0, COMPILATION OF MODULE I2C
OBJECT MODULE PLACED IN i2c.OBJ
COMPILER INVOKED BY: C:\Keil_v5\C51\BIN\C51.EXE i2c.c OPTIMIZE(8,SPEED) BROWSE DEBUG OBJECTEXTEND TABS(2)

line level    source

   1          #include"i2c.h"
   2          #include"i2c_defines.h"
   3          #include"delay.h"
   4          
   5          void i2cstart()
   6          {
   7   1      sda=1;
   8   1      scl=1;
   9   1      sda=0;
  10   1      }
  11          
  12          void i2cwrite(u8 dat)
  13          {
  14   1      u8 i;
  15   1      for(i=0;i<8;i++)
  16   1      {
  17   2      scl=0;
  18   2      sda=(dat>>(7-i))&1;
  19   2      scl=1;
  20   2      }
  21   1      }
  22          
  23          u8 i2cread()
  24          {
  25   1      u8 i,buff=0;
  26   1      for(i=0;i<8;i++)
  27   1      {
  28   2      scl=0;
  29   2      scl=1;
  30   2      if(sda)
  31   2      buff|=0x80>>i;
  32   2      }
  33   1      return buff;
  34   1      }
  35          
  36          void i2cack()
  37          {
  38   1      scl=0;
  39   1      sda=1;
  40   1      scl=1;
  41   1      while(sda);
  42   1      }
  43          
  44          void i2cnoack()
  45          {
  46   1      scl=0;
  47   1      sda=1;
  48   1      scl=1;
  49   1      }
  50          
  51          /*void i2cmasterack()
  52          {
  53          scl=0; //slave can release sda=1
  54          sda=0; //master pull down sda
  55          scl=1; //for slave to validate sda is 0
C51 COMPILER V9.60.0.0   I2C                                                               09/28/2020 20:52:23 PAGE 2   

  56          scl=0; //master to release sda
  57          sda=1; //sda=1 by master 
  58          }*/
  59          
  60          void i2crestart()
  61          {
  62   1      scl=0;
  63   1      sda=1;
  64   1      scl=1;
  65   1      sda=0;
  66   1      }
  67          
  68          void i2cdevwrite(u8 slaveaddr,u8 buffaddr,u8 dat)
  69          {
  70   1      i2cstart();
  71   1      i2cwrite(slaveaddr);
  72   1      i2cack();
  73   1      i2cwrite(buffaddr);
  74   1      i2cack();
  75   1      i2cwrite(dat);
  76   1      i2cack();
  77   1      i2cstop();
  78   1      delay_ms(10);
  79   1      }
  80          
  81          void i2cstop()
  82          {
  83   1      scl=0;
  84   1      sda=0;
  85   1      scl=1;
  86   1      sda=1;
  87   1      }
  88          
  89          u8 i2cdevread(u8 slaveaddr,u8 buffaddr)
  90          {
  91   1      u8 buff;
  92   1      i2cstart();
  93   1      i2cwrite(slaveaddr);
  94   1      i2cack();
  95   1      i2cwrite(buffaddr);
  96   1      i2cack();
  97   1      i2crestart();
  98   1      i2cwrite(slaveaddr|1);
  99   1      i2cack();
 100   1      buff=i2cread();
 101   1      i2cnoack();
 102   1      i2cstop();
 103   1      return buff;
 104   1      }
 105          
 106          


MODULE INFORMATION:   STATIC OVERLAYABLE
   CODE SIZE        =    184    ----
   CONSTANT SIZE    =   ----    ----
   XDATA SIZE       =   ----    ----
   PDATA SIZE       =   ----    ----
   DATA SIZE        =   ----    ----
   IDATA SIZE       =   ----    ----
   BIT SIZE         =   ----    ----
END OF MODULE INFORMATION.

C51 COMPILER V9.60.0.0   I2C                                                               09/28/2020 20:52:23 PAGE 3   


C51 COMPILATION COMPLETE.  0 WARNING(S),  0 ERROR(S)
