C51 COMPILER V9.60.0.0   MCP3204                                                           09/28/2020 20:52:22 PAGE 1   


C51 COMPILER V9.60.0.0, COMPILATION OF MODULE MCP3204
OBJECT MODULE PLACED IN mcp3204.OBJ
COMPILER INVOKED BY: C:\Keil_v5\C51\BIN\C51.EXE mcp3204.c OPTIMIZE(8,SPEED) BROWSE DEBUG OBJECTEXTEND TABS(2)

line level    source

   1          #include"types.h"
   2          #include"spi.h"
   3          #include"mcp3204_defines.h"
   4          #include"spi_defines.h"
   5          #include"mcp3204.h"
   6          
   7          
   8          FLT read1adc_mcp3204(u8 channelno)
   9          {
  10   1      int i;
  11   1      u16 adcval=0;
  12   1      bit d0,d1;
  13   1      float temp;
  14   1      d1=(channelno>>1)&1;
  15   1      d0=channelno&&1;
  16   1      cs=dout=din=clk=1;
  17   1      cs=0;  // begin communication session
  18   1      clk=0; clk=1;  // master issues start bit(1) & slave reads start bit
  19   1      clk=0; clk=1; //  master issues single ended  bit(1) & slave reads that bit
  20   1      clk=0; clk=1; //  master reads that bit, issues don't care  bit(d2) & slave reads that bit
  21   1      din=d1;
  22   1      clk=0; clk=1; //  master issues d1 channel select  bit & slave reads that bit
  23   1      din=d0;
  24   1      clk=0; clk=1; //  master issues d0 channel select  bit & slave reads that bit & initiates sampling 
  25   1      clk=0; clk=1; // and continues and end sampling
  26   1      clk=0; clk=1; // for s to issue NULL bit (0)
  27   1      
  28   1      for(i=0;i<12;i++)
  29   1      {
  30   2      clk=0;
  31   2      if(dout)
  32   2      adcval|=(1<<(11-i));
  33   2      clk=1;
  34   2      }
  35   1      cs=1; // end of communication session
  36   1      temp=(adcval*(5.0/4096));
  37   1      return temp;
  38   1      }
  39          
  40          
  41          /*FLT read2adc_mcp3204(u8 channelNo)
  42          {
  43          u8 mbyte,lbyte;
  44          u16 adcvalue=0;
  45          float temp;
  46          _cs=dout=din=clk=1;
  47          _cs=0;
  48          spi(0x06);
  49          mbyte=spi(channelNo<<6);
  50          lbyte=spi(0x00);
  51          00_cs=1;
  52          adcvalue=((mbyte&0x0f)<<8)|lbyte;
  53          temp=(adcvalue*(5/4096));
  54          return temp;
  55          }*/
C51 COMPILER V9.60.0.0   MCP3204                                                           09/28/2020 20:52:22 PAGE 2   

  56          
  57          


MODULE INFORMATION:   STATIC OVERLAYABLE
   CODE SIZE        =    135    ----
   CONSTANT SIZE    =   ----    ----
   XDATA SIZE       =   ----    ----
   PDATA SIZE       =   ----    ----
   DATA SIZE        =   ----    ----
   IDATA SIZE       =   ----    ----
   BIT SIZE         =   ----       2
END OF MODULE INFORMATION.


C51 COMPILATION COMPLETE.  0 WARNING(S),  0 ERROR(S)
