C51 COMPILER V9.60.0.0   UART                                                              09/28/2020 20:52:23 PAGE 1   


C51 COMPILER V9.60.0.0, COMPILATION OF MODULE UART
OBJECT MODULE PLACED IN uart.OBJ
COMPILER INVOKED BY: C:\Keil_v5\C51\BIN\C51.EXE uart.c OPTIMIZE(8,SPEED) BROWSE DEBUG OBJECTEXTEND TABS(2)

line level    source

   1          #include<reg51.h>
   2          
   3          
   4          void uart_init(void)
   5          {
   6   1      SCON=0x50;
   7   1      TMOD=0x20;
   8   1      TH1=253;
   9   1      TR1=1;
  10   1      }
  11          
  12          void uart_txchar(char ch)
  13          {
  14   1      SBUF=ch;
  15   1      while(TI==0);
  16   1      TI=0;
  17   1      }
  18          
  19          void uart_txstr(char *p)
  20          {
  21   1      while(*p)
  22   1      uart_txchar(*(p++));
  23   1      }
  24          
  25          char uart_rxchar()
  26          {
  27   1      while(RI==0);//waiting for rxn to complete
  28   1      RI=0;
  29   1      return SBUF;
  30   1      }
  31          
  32          
  33          void uart_txint(int n)
  34          {
  35   1      char str[10];
  36   1      int i=0;
  37   1      while(n)
  38   1      {
  39   2      str[i++]=n%10+48;
  40   2      n=n/10;
  41   2      }
  42   1      i--;
  43   1      for(i;i>=0;i--)
  44   1      uart_txchar(str[i]);
  45   1      }
  46          
  47          void uart_txfloat(float f)
  48          {char j,str[4];
  49   1      uart_txint((int)f);
  50   1      f=f-(int)f+1;
  51   1      uart_txchar('.');
  52   1      f=f*10000;
  53   1      while(j<4)
  54   1      {
  55   2      str[j++]=(int)f%10+48;
C51 COMPILER V9.60.0.0   UART                                                              09/28/2020 20:52:23 PAGE 2   

  56   2      f/=10;
  57   2      }
  58   1      while(j)
  59   1      uart_txchar(str[--j]);
  60   1      }
  61          


MODULE INFORMATION:   STATIC OVERLAYABLE
   CODE SIZE        =    344    ----
   CONSTANT SIZE    =   ----    ----
   XDATA SIZE       =   ----    ----
   PDATA SIZE       =   ----    ----
   DATA SIZE        =   ----      24
   IDATA SIZE       =   ----    ----
   BIT SIZE         =   ----    ----
END OF MODULE INFORMATION.


C51 COMPILATION COMPLETE.  0 WARNING(S),  0 ERROR(S)
