C51 COMPILER V9.60.0.0   LCD                                                               09/28/2020 20:52:23 PAGE 1   


C51 COMPILER V9.60.0.0, COMPILATION OF MODULE LCD
OBJECT MODULE PLACED IN lcd.OBJ
COMPILER INVOKED BY: C:\Keil_v5\C51\BIN\C51.EXE lcd.c OPTIMIZE(8,SPEED) BROWSE DEBUG OBJECTEXTEND TABS(2)

line level    source

   1          #include"delay.h"
   2          #include"lcd1.h"
   3          #include<reg51.h>
   4          
   5          #define lcd P0
   6          
   7          sbit rs=P3^4;
   8          sbit rw=P3^5;
   9          sbit en=P3^6;
  10          
  11          //code char LUT
  12          
  13          void LCD_disp(char ch)
  14          {
  15   1      rw=0;
  16   1      lcd=ch;
  17   1      en=1;
  18   1      delay_ms(2);
  19   1      en=0;
  20   1      }
  21          
  22          void LCD_cmd(char cmd)
  23          {
  24   1      rs=0;
  25   1      LCD_disp(cmd);
  26   1      }
  27          
  28          void LCD_init()
  29          {
  30   1      delay_ms(20);
  31   1      LCD_cmd(0x30);
  32   1      delay_ms(8);
  33   1      LCD_cmd(0x30);
  34   1      delay_ms(2);
  35   1      LCD_cmd(0x30);
  36   1      delay_ms(2);
  37   1      LCD_cmd(0x38);
  38   1      LCD_cmd(0x10);
  39   1      LCD_cmd(0x01);
  40   1      LCD_cmd(0x06);
  41   1      LCD_cmd(0x0e);
  42   1      }
  43          
  44          void LCD_char(char ch)
  45          {
  46   1      rs=1;
  47   1      LCD_disp(ch);
  48   1      }
  49          
  50          void LCD_str(char *p)
  51          {
  52   1      while(*p!='\0')
  53   1      LCD_char(*p++);
  54   1      }
  55          
C51 COMPILER V9.60.0.0   LCD                                                               09/28/2020 20:52:23 PAGE 2   

  56          


MODULE INFORMATION:   STATIC OVERLAYABLE
   CODE SIZE        =    131    ----
   CONSTANT SIZE    =   ----    ----
   XDATA SIZE       =   ----    ----
   PDATA SIZE       =   ----    ----
   DATA SIZE        =   ----       3
   IDATA SIZE       =   ----    ----
   BIT SIZE         =   ----    ----
END OF MODULE INFORMATION.


C51 COMPILATION COMPLETE.  0 WARNING(S),  0 ERROR(S)
