C51 COMPILER V7.08   UART_TX_LCD                                                           08/30/2019 15:44:01 PAGE 1   


C51 COMPILER V7.08, COMPILATION OF MODULE UART_TX_LCD
OBJECT MODULE PLACED IN .\uart_tx_lcd.obj
COMPILER INVOKED BY: C:\Keil\C51\BIN\C51.EXE V:\UART\uart_tx_lcd.c BROWSE DEBUG OBJECTEXTEND PRINT(.\uart_tx_lcd.lst) OB
                    -JECT(.\uart_tx_lcd.obj)

line level    source

   1          #include<reg51.h>
   2          //#define lcd P0
   3          
   4          
   5          /*sbit rs=P3^4;
   6          sbit rw=P3^5;
   7          sbit en=P3^6;*/
   8          
   9          /*void LCD_init();
  10          void LCD_cmd(char cmd);
  11          void LCD_str(char *);
  12          
  13          void LCD_char(char ch);*/
  14          
  15          void uart_init(void)
  16          {
  17   1      SCON=0x50;
  18   1      TMOD=0x20;
  19   1      TH1=253;
  20   1      TR1=1;
  21   1      }
  22          
  23          void uart_txchar(char ch)
  24          {
  25   1      SBUF=ch;
  26   1      while(TI==0);
  27   1      TI=0;
  28   1      }
  29          
  30          void uart_txstr(char *p)
  31          {
  32   1      //LCD_cmd(0x80);
  33   1      while(*p)
  34   1      {
  35   2      //LCD_char(*p);
  36   2      uart_txchar(*(p++));
  37   2      }
  38   1      }
  39          
  40          char uart_rxchar()
  41          {
  42   1      while(RI==0);//waiting for rxn to complete
  43   1      RI=0;
  44   1      return SBUF;
  45   1      }
  46          
  47          
  48          
  49          
  50          void delay_ms(unsigned int i)
  51          {
  52   1      unsigned int j;
  53   1      for(i;i>0;i--)
  54   1      for(j=122;j>0;j--);
C51 COMPILER V7.08   UART_TX_LCD                                                           08/30/2019 15:44:01 PAGE 2   

  55   1      }
  56          
  57          
  58          /*void LCD_disp(char ch)
  59          {
  60          rw=0;
  61          lcd=ch;
  62          en=1;
  63          delay_ms(2);
  64          en=0;
  65          }
  66          
  67          void LCD_cmd(char cmd)
  68          {
  69          rs=0;
  70          LCD_disp(cmd);
  71          }
  72          
  73          
  74          void LCD_init()
  75          {
  76          delay_ms(20);
  77          LCD_cmd(0x30);
  78          delay_ms(8);
  79          LCD_cmd(0x30);
  80          delay_ms(2);
  81          LCD_cmd(0x30);
  82          delay_ms(2);
  83          LCD_cmd(0x38);
  84          LCD_cmd(0x10);
  85          LCD_cmd(0x01);
  86          LCD_cmd(0x06);
  87          LCD_cmd(0x0e);
  88          }
  89          
  90          
  91          
  92          
  93          
  94          
  95          void LCD_char(char ch)
  96          {
  97          rs=1;
  98          LCD_disp(ch);
  99          }*/
 100          
 101          
 102          main()
 103          {
 104   1      char ch[20];
 105   1      //LCD_init();
 106   1      uart_init();
 107   1      //LCD_cmd(0x01);
 108   1      //LCD_cmd(0x80);
 109   1      while(1)
 110   1      {
 111   2      char i=0;
 112   2      while(1)
 113   2      {
 114   3      ch[i++]=uart_rxchar();
 115   3      if(ch[i-1]=='.')
 116   3      {
C51 COMPILER V7.08   UART_TX_LCD                                                           08/30/2019 15:44:01 PAGE 3   

 117   4      ch[i-1]='\0';
 118   4      break;
 119   4      }
 120   3      }
 121   2      uart_txstr(ch);
 122   2      }
 123   1      }
 124          


MODULE INFORMATION:   STATIC OVERLAYABLE
   CODE SIZE        =    141    ----
   CONSTANT SIZE    =   ----    ----
   XDATA SIZE       =   ----    ----
   PDATA SIZE       =   ----    ----
   DATA SIZE        =   ----      24
   IDATA SIZE       =   ----    ----
   BIT SIZE         =   ----    ----
END OF MODULE INFORMATION.


C51 COMPILATION COMPLETE.  0 WARNING(S),  0 ERROR(S)
