C51 COMPILER V8.12   CODE                                                                  07/08/2017 08:36:41 PAGE 1   


C51 COMPILER V8.12, COMPILATION OF MODULE CODE
OBJECT MODULE PLACED IN code.OBJ
COMPILER INVOKED BY: C:\Keil\C51\BIN\C51.EXE code.c BROWSE DEBUG OBJECTEXTEND

line level    source

   1          #include<reg51.h>
   2          
   3          sbit C4 = P2^0;     // Connecting keypad to Port 1
   4          sbit C3 = P2^1;
   5          sbit C2 = P2^2;
   6          sbit C1 = P2^3;
   7          sbit R4 = P2^4;
   8          sbit R3 = P2^5;
   9          sbit R2 = P2^6;
  10          sbit R1 = P2^7;
  11          void msdelay(unsigned int time)  // Function for creating delay in milliseconds.
  12          {
  13   1          unsigned i,j ;
  14   1          for(i=0;i<time;i++)    
  15   1          for(j=0;j<1275;j++);
  16   1      }
  17          
  18          char row_finder1() //Function for finding the row for column 1
  19          {
  20   1      R1=R2=R3=R4=1;
  21   1      C1=C2=C3=C4=0;
  22   1      
  23   1      if(R1==0)return('1');
  24   1      if(R2==0)return('4');
  25   1      if(R3==0)return('7');
  26   1      if(R4==0)return('*');
  27   1      }
  28          char row_finder2() //Function for finding the row for column 2
  29          {
  30   1      
  31   1      R1=R2=R3=R4=1;
  32   1      C1=C2=C3=C4=0;
  33   1      if(R1==0)return('2');
  34   1      if(R2==0)return('5');
  35   1      if(R3==0)return('8');
  36   1      if(R4==0)return('0');
  37   1      }
  38          char row_finder3() //Function for finding the row for column 3
  39          {
  40   1      R1=R2=R3=R4=1;
  41   1      C1=C2=C3=C4=0;
  42   1      if(R1==0)return('3');
  43   1      if(R2==0)return('6');
  44   1      if(R3==0)return('9');
  45   1      if(R4==0)return('#');
  46   1      }
  47          char row_finder4() //Function for finding the row for column 4
  48          {
  49   1      R1=R2=R3=R4=1;
  50   1      C1=C2=C3=C4=0;
  51   1      if(R1==0)return('A');
  52   1      if(R2==0)return('B');
  53   1      if(R3==0)return('C');
  54   1      if(R4==0)return('D');
  55   1      }
C51 COMPILER V8.12   CODE                                                                  07/08/2017 08:36:41 PAGE 2   

  56           void init()
  57             {
  58   1           TMOD=0x20;
  59   1               SCON=0x50;
  60   1               TH1=0xfd;
  61   1               TR1=1;
  62   1         }
  63            void tx(char c)
  64             {
  65   1            SBUF=c;
  66   1                while(TI==0);
  67   1                TI=0;
  68   1         }
  69          void main()
  70          {
  71   1          char c;
  72   1      
  73   1          init();
  74   1              while(1)
  75   1          {    
  76   2              msdelay(30); 
  77   2             
  78   2                  P2=0x0f;
  79   2                      while(P2==0x0f);
  80   2              if(C1==0)      c=row_finder1();
  81   2              else if(C2==0) c=row_finder2();
  82   2              else if(C3==0) c=row_finder3();
  83   2              else if(C4==0) c=row_finder4();
  84   2                      tx(c);
  85   2          }
  86   1      }


MODULE INFORMATION:   STATIC OVERLAYABLE
   CODE SIZE        =    276    ----
   CONSTANT SIZE    =   ----    ----
   XDATA SIZE       =   ----    ----
   PDATA SIZE       =   ----    ----
   DATA SIZE        =   ----    ----
   IDATA SIZE       =   ----    ----
   BIT SIZE         =   ----    ----
END OF MODULE INFORMATION.


C51 COMPILATION COMPLETE.  0 WARNING(S),  0 ERROR(S)
